<?xml version="1.0" encoding="UTF-8" ?>
<testsuite tests="1" failures="0" name="com.sgb.proxy.UserServiceCGLIBProxyTest" time="0.076" errors="0" skipped="0">
  <properties>
    <property name="idea.version" value="2021.2.1"/>
    <property name="java.runtime.name" value="Java(TM) SE Runtime Environment"/>
    <property name="sun.boot.library.path" value="D:\Program Files (x86)\Java\jdk1.8.0_291\jre\bin"/>
    <property name="java.vm.version" value="25.291-b10"/>
    <property name="java.vm.vendor" value="Oracle Corporation"/>
    <property name="maven.multiModuleProjectDirectory" value="D:\IdeaProject\Maven\Spring_framework"/>
    <property name="java.vendor.url" value="http://java.oracle.com/"/>
    <property name="path.separator" value=";"/>
    <property name="guice.disable.misplaced.annotation.check" value="true"/>
    <property name="java.vm.name" value="Java HotSpot(TM) Client VM"/>
    <property name="file.encoding.pkg" value="sun.io"/>
    <property name="user.script" value=""/>
    <property name="user.country" value="CN"/>
    <property name="sun.java.launcher" value="SUN_STANDARD"/>
    <property name="sun.os.patch.level" value=""/>
    <property name="java.vm.specification.name" value="Java Virtual Machine Specification"/>
    <property name="user.dir" value="D:\IdeaProject\Maven\Spring_framework"/>
    <property name="java.runtime.version" value="1.8.0_291-b10"/>
    <property name="java.awt.graphicsenv" value="sun.awt.Win32GraphicsEnvironment"/>
    <property name="java.endorsed.dirs" value="D:\Program Files (x86)\Java\jdk1.8.0_291\jre\lib\endorsed"/>
    <property name="os.arch" value="x86"/>
    <property name="java.io.tmpdir" value="C:\Users\沈功波\AppData\Local\Temp\"/>
    <property name="line.separator" value="
"/>
    <property name="java.vm.specification.vendor" value="Oracle Corporation"/>
    <property name="user.variant" value=""/>
    <property name="os.name" value="Windows 10"/>
    <property name="maven.ext.class.path" value="D:\IntelliJ IDEA 2021.2\plugins\maven\lib\maven-event-listener.jar"/>
    <property name="archetypeCatalog" value="internal"/>
    <property name="classworlds.conf" value="D:\maven\apache-maven-3.6.3\bin\m2.conf"/>
    <property name="sun.jnu.encoding" value="GBK"/>
    <property name="java.library.path" value="D:\Program Files (x86)\Java\jdk1.8.0_291\bin;C:\WINDOWS\Sun\Java\bin;C:\WINDOWS\system32;C:\WINDOWS;D:\镜像文件\虚拟机\VM虚拟机PRO\bin\;C:\Windows\system32;C:\Windows;C:\Windows\System32\Wbem;C:\Windows\System32\WindowsPowerShell\v1.0\;C:\Windows\System32\OpenSSH\;C:\Program Files (x86)\NVIDIA Corporation\PhysX\Common;C:\Program Files\NVIDIA Corporation\NVIDIA NvDLISR;C:\WINDOWS\system32;C:\WINDOWS;C:\WINDOWS\System32\Wbem;C:\WINDOWS\System32\WindowsPowerShell\v1.0\;C:\WINDOWS\System32\OpenSSH\;D:\VS code\Microsoft VS Code\bin;C:\MySQA-编辑器\IntelliJ IDEA 2021.2\bin;D:\PHP_\wamp\bin\mysql\mysql5.6.17\bin;C:\Users\沈功波\Downloads\platform-tools_r31.0.3-windows\platform-tools\systrace\catapult\common\bin;C:\Program Files\MySQL\MySQL Server 5.7\bin;D:\apache-tomcat-9.0.55\bin;D:\maven\apache-maven-3.6.3\bin;D:\maven\apache-maven-3.6.3\bin;D:\Program Files (x86)\Java\jdk1.8.0_291\bin;D:\Program Files (x86)\Java\jdk-14.0.1\bin;C:\Users\沈功波\AppData\Local\Programs\Python\Python39\Scripts\;C:\Users\沈功波\AppData\Local\Programs\Python\Python39\;C:\Users\沈功波\AppData\Local\Microsoft\WindowsApps;C:\Users\沈功波\AppData\Local\GitHubDesktop\bin;D:\IntelliJ IDEA 2021.2\bin;;;D:\VS Code\VS CODE\Microsoft VS Code\bin;."/>
    <property name="maven.conf" value="D:\maven\apache-maven-3.6.3/conf"/>
    <property name="java.specification.name" value="Java Platform API Specification"/>
    <property name="java.class.version" value="52.0"/>
    <property name="sun.management.compiler" value="HotSpot Client Compiler"/>
    <property name="maven.repo.local" value="D:\maven\mavenrepository\repository"/>
    <property name="os.version" value="10.0"/>
    <property name="user.home" value="C:\Users\沈功波"/>
    <property name="user.timezone" value="Asia/Shanghai"/>
    <property name="java.awt.printerjob" value="sun.awt.windows.WPrinterJob"/>
    <property name="java.specification.version" value="1.8"/>
    <property name="file.encoding" value="UTF-8"/>
    <property name="user.name" value="沈功波"/>
    <property name="java.class.path" value="D:\maven\apache-maven-3.6.3\boot\plexus-classworlds-2.6.0.jar;D:\maven\apache-maven-3.6.3\boot\plexus-classworlds.license;D:\IntelliJ IDEA 2021.2\lib\idea_rt.jar"/>
    <property name="java.vm.specification.version" value="1.8"/>
    <property name="sun.arch.data.model" value="32"/>
    <property name="java.home" value="D:\Program Files (x86)\Java\jdk1.8.0_291\jre"/>
    <property name="sun.java.command" value="org.codehaus.classworlds.Launcher -Didea.version=2021.2.1 -s D:\maven\apache-maven-3.6.3\conf\settings.xml -Dmaven.repo.local=D:\maven\mavenrepository\repository install"/>
    <property name="java.specification.vendor" value="Oracle Corporation"/>
    <property name="user.language" value="zh"/>
    <property name="awt.toolkit" value="sun.awt.windows.WToolkit"/>
    <property name="java.vm.info" value="mixed mode"/>
    <property name="java.version" value="1.8.0_291"/>
    <property name="java.ext.dirs" value="D:\Program Files (x86)\Java\jdk1.8.0_291\jre\lib\ext;C:\WINDOWS\Sun\Java\lib\ext"/>
    <property name="sun.boot.class.path" value="D:\Program Files (x86)\Java\jdk1.8.0_291\jre\lib\resources.jar;D:\Program Files (x86)\Java\jdk1.8.0_291\jre\lib\rt.jar;D:\Program Files (x86)\Java\jdk1.8.0_291\jre\lib\sunrsasign.jar;D:\Program Files (x86)\Java\jdk1.8.0_291\jre\lib\jsse.jar;D:\Program Files (x86)\Java\jdk1.8.0_291\jre\lib\jce.jar;D:\Program Files (x86)\Java\jdk1.8.0_291\jre\lib\charsets.jar;D:\Program Files (x86)\Java\jdk1.8.0_291\jre\lib\jfr.jar;D:\Program Files (x86)\Java\jdk1.8.0_291\jre\classes"/>
    <property name="java.vendor" value="Oracle Corporation"/>
    <property name="maven.home" value="D:\maven\apache-maven-3.6.3"/>
    <property name="file.separator" value="\"/>
    <property name="java.vendor.url.bug" value="http://bugreport.sun.com/bugreport/"/>
    <property name="sun.cpu.endian" value="little"/>
    <property name="sun.io.unicode.encoding" value="UnicodeLittle"/>
    <property name="sun.desktop" value="windows"/>
    <property name="sun.cpu.isalist" value=""/>
  </properties>
  <testcase classname="com.sgb.proxy.UserServiceCGLIBProxyTest" name="createUserServiceCGIBProxy" time="0.076"/>
</testsuite>