<?xml version="1.0" encoding="UTF-8"?>
<testsuite xmlns:xsi="http://www.w3.org/2001/XMLSchema-instance" xsi:noNamespaceSchemaLocation="https://maven.apache.org/surefire/maven-surefire-plugin/xsd/surefire-test-report.xsd" name="ssm.blog.dao.BloggerDaoTest" time="0.058" tests="1" errors="1" skipped="0" failures="0">
  <properties>
    <property name="sun.desktop" value="windows"/>
    <property name="awt.toolkit" value="sun.awt.windows.WToolkit"/>
    <property name="file.encoding.pkg" value="sun.io"/>
    <property name="java.specification.version" value="1.8"/>
    <property name="sun.cpu.isalist" value=""/>
    <property name="sun.jnu.encoding" value="GBK"/>
    <property name="java.class.path" value="D:\IdeaProject\Maven\ssm-myProject\ssm-myProject\target\test-classes;D:\IdeaProject\Maven\ssm-myProject\ssm-myProject\target\classes;D:\maven\mavenrepository\javax\servlet\javax.servlet-api\3.1.0\javax.servlet-api-3.1.0.jar;D:\maven\mavenrepository\javax\servlet\jsp\javax.servlet.jsp-api\2.3.1\javax.servlet.jsp-api-2.3.1.jar;D:\maven\mavenrepository\javax\servlet\jstl\1.1.2\jstl-1.1.2.jar;D:\maven\mavenrepository\taglibs\standard\1.1.2\standard-1.1.2.jar;D:\maven\mavenrepository\org\springframework\spring-core\4.3.0.RELEASE\spring-core-4.3.0.RELEASE.jar;D:\maven\mavenrepository\org\springframework\spring-beans\4.3.0.RELEASE\spring-beans-4.3.0.RELEASE.jar;D:\maven\mavenrepository\org\springframework\spring-context\4.3.0.RELEASE\spring-context-4.3.0.RELEASE.jar;D:\maven\mavenrepository\org\springframework\spring-expression\4.3.0.RELEASE\spring-expression-4.3.0.RELEASE.jar;D:\maven\mavenrepository\org\springframework\spring-context-support\4.3.0.RELEASE\spring-context-support-4.3.0.RELEASE.jar;D:\maven\mavenrepository\org\springframework\spring-web\4.3.0.RELEASE\spring-web-4.3.0.RELEASE.jar;D:\maven\mavenrepository\org\springframework\spring-test\4.3.0.RELEASE\spring-test-4.3.0.RELEASE.jar;D:\maven\mavenrepository\org\springframework\spring-webmvc\4.3.0.RELEASE\spring-webmvc-4.3.0.RELEASE.jar;D:\maven\mavenrepository\org\springframework\spring-tx\4.3.0.RELEASE\spring-tx-4.3.0.RELEASE.jar;D:\maven\mavenrepository\org\springframework\spring-jdbc\4.3.0.RELEASE\spring-jdbc-4.3.0.RELEASE.jar;D:\maven\mavenrepository\org\springframework\spring-aop\4.3.0.RELEASE\spring-aop-4.3.0.RELEASE.jar;D:\maven\mavenrepository\org\springframework\spring-aspects\4.3.0.RELEASE\spring-aspects-4.3.0.RELEASE.jar;D:\maven\mavenrepository\org\aspectj\aspectjweaver\1.8.9\aspectjweaver-1.8.9.jar;D:\maven\mavenrepository\org\mybatis\mybatis\3.4.0\mybatis-3.4.0.jar;D:\maven\mavenrepository\org\mybatis\mybatis-spring\1.3.0\mybatis-spring-1.3.0.jar;D:\maven\mavenrepository\mysql\mysql-connector-java\5.1.30\mysql-connector-java-5.1.30.jar;D:\maven\mavenrepository\com\alibaba\druid\1.0.16\druid-1.0.16.jar;D:\Program Files (x86)\Java\jdk1.8.0_291\jre\..\lib\jconsole.jar;D:\Program Files (x86)\Java\jdk1.8.0_291\jre\..\lib\tools.jar;D:\maven\mavenrepository\log4j\log4j\1.2.17\log4j-1.2.17.jar;D:\maven\mavenrepository\org\slf4j\slf4j-api\1.7.21\slf4j-api-1.7.21.jar;D:\maven\mavenrepository\commons-logging\commons-logging\1.2\commons-logging-1.2.jar;D:\maven\mavenrepository\junit\junit\4.11\junit-4.11.jar;D:\maven\mavenrepository\org\hamcrest\hamcrest-core\1.3\hamcrest-core-1.3.jar;"/>
    <property name="java.vm.vendor" value="Oracle Corporation"/>
    <property name="sun.arch.data.model" value="32"/>
    <property name="user.variant" value=""/>
    <property name="java.vendor.url" value="http://java.oracle.com/"/>
    <property name="user.timezone" value="Asia/Shanghai"/>
    <property name="java.vm.specification.version" value="1.8"/>
    <property name="os.name" value="Windows 10"/>
    <property name="user.country" value="CN"/>
    <property name="sun.java.launcher" value="SUN_STANDARD"/>
    <property name="sun.boot.library.path" value="D:\Program Files (x86)\Java\jdk1.8.0_291\jre\bin"/>
    <property name="sun.java.command" value="C:\Users\沈功波\AppData\Local\Temp\surefire1514643037550922246\surefirebooter7400431491315822016.jar C:\Users\沈功波\AppData\Local\Temp\surefire1514643037550922246 2022-01-09T19-10-30_886-jvmRun1 surefire6884915170807762813tmp surefire_08029454289870576332tmp"/>
    <property name="surefire.test.class.path" value="D:\IdeaProject\Maven\ssm-myProject\ssm-myProject\target\test-classes;D:\IdeaProject\Maven\ssm-myProject\ssm-myProject\target\classes;D:\maven\mavenrepository\javax\servlet\javax.servlet-api\3.1.0\javax.servlet-api-3.1.0.jar;D:\maven\mavenrepository\javax\servlet\jsp\javax.servlet.jsp-api\2.3.1\javax.servlet.jsp-api-2.3.1.jar;D:\maven\mavenrepository\javax\servlet\jstl\1.1.2\jstl-1.1.2.jar;D:\maven\mavenrepository\taglibs\standard\1.1.2\standard-1.1.2.jar;D:\maven\mavenrepository\org\springframework\spring-core\4.3.0.RELEASE\spring-core-4.3.0.RELEASE.jar;D:\maven\mavenrepository\org\springframework\spring-beans\4.3.0.RELEASE\spring-beans-4.3.0.RELEASE.jar;D:\maven\mavenrepository\org\springframework\spring-context\4.3.0.RELEASE\spring-context-4.3.0.RELEASE.jar;D:\maven\mavenrepository\org\springframework\spring-expression\4.3.0.RELEASE\spring-expression-4.3.0.RELEASE.jar;D:\maven\mavenrepository\org\springframework\spring-context-support\4.3.0.RELEASE\spring-context-support-4.3.0.RELEASE.jar;D:\maven\mavenrepository\org\springframework\spring-web\4.3.0.RELEASE\spring-web-4.3.0.RELEASE.jar;D:\maven\mavenrepository\org\springframework\spring-test\4.3.0.RELEASE\spring-test-4.3.0.RELEASE.jar;D:\maven\mavenrepository\org\springframework\spring-webmvc\4.3.0.RELEASE\spring-webmvc-4.3.0.RELEASE.jar;D:\maven\mavenrepository\org\springframework\spring-tx\4.3.0.RELEASE\spring-tx-4.3.0.RELEASE.jar;D:\maven\mavenrepository\org\springframework\spring-jdbc\4.3.0.RELEASE\spring-jdbc-4.3.0.RELEASE.jar;D:\maven\mavenrepository\org\springframework\spring-aop\4.3.0.RELEASE\spring-aop-4.3.0.RELEASE.jar;D:\maven\mavenrepository\org\springframework\spring-aspects\4.3.0.RELEASE\spring-aspects-4.3.0.RELEASE.jar;D:\maven\mavenrepository\org\aspectj\aspectjweaver\1.8.9\aspectjweaver-1.8.9.jar;D:\maven\mavenrepository\org\mybatis\mybatis\3.4.0\mybatis-3.4.0.jar;D:\maven\mavenrepository\org\mybatis\mybatis-spring\1.3.0\mybatis-spring-1.3.0.jar;D:\maven\mavenrepository\mysql\mysql-connector-java\5.1.30\mysql-connector-java-5.1.30.jar;D:\maven\mavenrepository\com\alibaba\druid\1.0.16\druid-1.0.16.jar;D:\Program Files (x86)\Java\jdk1.8.0_291\jre\..\lib\jconsole.jar;D:\Program Files (x86)\Java\jdk1.8.0_291\jre\..\lib\tools.jar;D:\maven\mavenrepository\log4j\log4j\1.2.17\log4j-1.2.17.jar;D:\maven\mavenrepository\org\slf4j\slf4j-api\1.7.21\slf4j-api-1.7.21.jar;D:\maven\mavenrepository\commons-logging\commons-logging\1.2\commons-logging-1.2.jar;D:\maven\mavenrepository\junit\junit\4.11\junit-4.11.jar;D:\maven\mavenrepository\org\hamcrest\hamcrest-core\1.3\hamcrest-core-1.3.jar;"/>
    <property name="sun.cpu.endian" value="little"/>
    <property name="user.home" value="C:\Users\沈功波"/>
    <property name="user.language" value="zh"/>
    <property name="java.specification.vendor" value="Oracle Corporation"/>
    <property name="java.home" value="D:\Program Files (x86)\Java\jdk1.8.0_291\jre"/>
    <property name="basedir" value="D:\IdeaProject\Maven\ssm-myProject\ssm-myProject"/>
    <property name="file.separator" value="\"/>
    <property name="line.separator" value="&#10;"/>
    <property name="java.vm.specification.vendor" value="Oracle Corporation"/>
    <property name="java.specification.name" value="Java Platform API Specification"/>
    <property name="java.awt.graphicsenv" value="sun.awt.Win32GraphicsEnvironment"/>
    <property name="surefire.real.class.path" value="C:\Users\沈功波\AppData\Local\Temp\surefire1514643037550922246\surefirebooter7400431491315822016.jar"/>
    <property name="sun.boot.class.path" value="D:\Program Files (x86)\Java\jdk1.8.0_291\jre\lib\resources.jar;D:\Program Files (x86)\Java\jdk1.8.0_291\jre\lib\rt.jar;D:\Program Files (x86)\Java\jdk1.8.0_291\jre\lib\sunrsasign.jar;D:\Program Files (x86)\Java\jdk1.8.0_291\jre\lib\jsse.jar;D:\Program Files (x86)\Java\jdk1.8.0_291\jre\lib\jce.jar;D:\Program Files (x86)\Java\jdk1.8.0_291\jre\lib\charsets.jar;D:\Program Files (x86)\Java\jdk1.8.0_291\jre\lib\jfr.jar;D:\Program Files (x86)\Java\jdk1.8.0_291\jre\classes"/>
    <property name="user.script" value=""/>
    <property name="sun.management.compiler" value="HotSpot Client Compiler"/>
    <property name="java.runtime.version" value="1.8.0_291-b10"/>
    <property name="user.name" value="沈功波"/>
    <property name="path.separator" value=";"/>
    <property name="os.version" value="10.0"/>
    <property name="java.endorsed.dirs" value="D:\Program Files (x86)\Java\jdk1.8.0_291\jre\lib\endorsed"/>
    <property name="java.runtime.name" value="Java(TM) SE Runtime Environment"/>
    <property name="file.encoding" value="GBK"/>
    <property name="java.vm.name" value="Java HotSpot(TM) Client VM"/>
    <property name="localRepository" value="D:\maven\mavenrepository"/>
    <property name="java.vendor.url.bug" value="http://bugreport.sun.com/bugreport/"/>
    <property name="java.io.tmpdir" value="C:\Users\沈功波\AppData\Local\Temp\"/>
    <property name="idea.version" value="2021.3"/>
    <property name="java.version" value="1.8.0_291"/>
    <property name="user.dir" value="D:\IdeaProject\Maven\ssm-myProject\ssm-myProject"/>
    <property name="os.arch" value="x86"/>
    <property name="java.vm.specification.name" value="Java Virtual Machine Specification"/>
    <property name="java.awt.printerjob" value="sun.awt.windows.WPrinterJob"/>
    <property name="sun.os.patch.level" value=""/>
    <property name="java.library.path" value="D:\Program Files (x86)\Java\jdk1.8.0_291\jre\bin;C:\WINDOWS\Sun\Java\bin;C:\WINDOWS\system32;C:\WINDOWS;D:\镜像文件\VM\bin\;C:\Windows\system32;C:\Windows;C:\Windows\System32\Wbem;C:\Windows\System32\WindowsPowerShell\v1.0\;C:\Windows\System32\OpenSSH\;C:\Program Files (x86)\NVIDIA Corporation\PhysX\Common;C:\Program Files\NVIDIA Corporation\NVIDIA NvDLISR;C:\WINDOWS\system32;C:\WINDOWS;C:\WINDOWS\System32\Wbem;C:\WINDOWS\System32\WindowsPowerShell\v1.0\;C:\WINDOWS\System32\OpenSSH\;D:\VS code\Microsoft VS Code\bin;C:\MySQA-编辑器\IntelliJ IDEA 2021.2\bin;D:\PHP_\wamp\bin\mysql\mysql5.6.17\bin;C:\Users\沈功波\Downloads\platform-tools_r31.0.3-windows\platform-tools\systrace\catapult\common\bin;C:\Program Files\MySQL\MySQL Server 5.7\bin;D:\apache-tomcat-9.0.55\bin;D:\maven\apache-maven-3.6.3\bin;D:\maven\apache-maven-3.6.3\bin;D:\Program Files (x86)\Java\jdk1.8.0_291\bin;D:\Program Files (x86)\Java\jdk-14.0.1\bin;C:\Users\沈功波\AppData\Local\Programs\Python\Python39\Scripts\;C:\Users\沈功波\AppData\Local\Programs\Python\Python39\;C:\Users\沈功波\AppData\Local\Microsoft\WindowsApps;C:\Users\沈功波\AppData\Local\GitHubDesktop\bin;D:\IntelliJ IDEA 2021.3\bin;;;D:\VS Code\VS CODE\Microsoft VS Code\bin;D:\IntelliJ IDEA 2021.2.2\bin;;."/>
    <property name="java.vm.info" value="mixed mode"/>
    <property name="java.vendor" value="Oracle Corporation"/>
    <property name="java.vm.version" value="25.291-b10"/>
    <property name="java.ext.dirs" value="D:\Program Files (x86)\Java\jdk1.8.0_291\jre\lib\ext;C:\WINDOWS\Sun\Java\lib\ext"/>
    <property name="sun.io.unicode.encoding" value="UnicodeLittle"/>
    <property name="maven.repo.local" value="D:\maven\mavenrepository"/>
    <property name="java.class.version" value="52.0"/>
  </properties>
  <testcase name="initializationError" classname="ssm.blog.dao.BloggerDaoTest" time="0.008">
    <error type="java.lang.ExceptionInInitializerError">java.lang.ExceptionInInitializerError
Caused by: java.lang.IllegalStateException: SpringJUnit4ClassRunner requires JUnit 4.12 or higher.
</error>
  </testcase>
</testsuite>